<?xml version="1.0" encoding="UTF-8"?>
<testsuite name="com.traffic.demo.CounterTrafficControlPolicyTest" tests="1" skipped="0" failures="0" errors="0" timestamp="2022-01-08T08:55:20" hostname="LAPTOP-76BK71TD" time="1.021">
  <properties/>
  <testcase name="shouldNotThrottleWhenInNextWindow" classname="com.traffic.demo.CounterTrafficControlPolicyTest" time="1.021"/>
  <system-out><![CDATA[Rate: 1.0 in 1 seconds.
Rate: 2.0 in 1 seconds.
Rate: 3.0 in 1 seconds.
now: 1641632121943
Rate: 1.0 in 1 seconds.
]]></system-out>
  <system-err><![CDATA[]]></system-err>
</testsuite>
